2026-03-13 23:04:13,015 | INFO | Time offset calculated: -2754ms
2026-03-13 23:04:13,018 | INFO | Binance Futures Testnet client initialized.
2026-03-13 23:04:13,018 | INFO | Order confirmed by user: BTCUSDT BUY MARKET qty=0.01 price=None
2026-03-13 23:04:13,019 | INFO | Placing MARKET BUY order | Symbol: BTCUSDT | Qty: 0.01
2026-03-13 23:04:13,451 | INFO | Order response: {'orderId': 12792298480, 'symbol': 'BTCUSDT', 'status': 'NEW', 'clientOrderId': 'x-Cb7ytekJ7bfb4ac5ce8b04e3f19917', 'price': '0.00', 'avgPrice': '0.00', 'origQty': '0.010', 'executedQty': '0.000', 'cumQty': '0.000', 'cumQuote': '0.00000', 'timeInForce': 'GTC', 'type': 'MARKET', 'reduceOnly': False, 'closePosition': False, 'side': 'BUY', 'positionSide': 'BOTH', 'stopPrice': '0.00', 'workingType': 'CONTRACT_PRICE', 'priceProtect': False, 'origType': 'MARKET', 'priceMatch': 'NONE', 'selfTradePreventionMode': 'EXPIRE_MAKER', 'goodTillDate': 0, 'updateTime': 1773423250668}
2026-03-13 23:05:02,468 | INFO | Time offset calculated: -2755ms
2026-03-13 23:05:02,470 | INFO | Binance Futures Testnet client initialized.
2026-03-13 23:05:02,473 | INFO | Order confirmed by user: BTCUSDT BUY LIMIT qty=500000.0 price=1000000.0
2026-03-13 23:05:02,473 | INFO | Placing LIMIT BUY order | Symbol: BTCUSDT | Qty: 500000.0 | Price: 1000000.0
2026-03-13 23:05:02,870 | ERROR | LIMIT order failed: APIError(code=-4005): Quantity greater than max quantity.
2026-03-13 23:05:02,871 | ERROR | Unexpected error: APIError(code=-4005): Quantity greater than max quantity.
2026-03-13 23:05:37,824 | INFO | Time offset calculated: -2756ms
2026-03-13 23:05:37,827 | INFO | Binance Futures Testnet client initialized.
2026-03-13 23:05:37,829 | INFO | Order confirmed by user: BTCUSDT BUY LIMIT qty=1.0 price=500000.0
2026-03-13 23:05:37,830 | INFO | Placing LIMIT BUY order | Symbol: BTCUSDT | Qty: 1.0 | Price: 500000.0
2026-03-13 23:05:38,238 | ERROR | LIMIT order failed: APIError(code=-4016): Limit price can't be higher than 75114.90.
2026-03-13 23:05:38,238 | ERROR | Unexpected error: APIError(code=-4016): Limit price can't be higher than 75114.90.
2026-03-13 23:06:25,048 | INFO | Time offset calculated: -2757ms
2026-03-13 23:06:25,051 | INFO | Binance Futures Testnet client initialized.
2026-03-13 23:06:25,054 | INFO | Order confirmed by user: BTCUSDT BUY LIMIT qty=1.0 price=20000.0
2026-03-13 23:06:25,054 | INFO | Placing LIMIT BUY order | Symbol: BTCUSDT | Qty: 1.0 | Price: 20000.0
2026-03-13 23:06:25,454 | ERROR | LIMIT order failed: APIError(code=-2019): Margin is insufficient.
2026-03-13 23:06:25,455 | ERROR | Unexpected error: APIError(code=-2019): Margin is insufficient.
2026-03-13 23:06:57,240 | INFO | Time offset calculated: -2759ms
2026-03-13 23:06:57,243 | INFO | Binance Futures Testnet client initialized.
2026-03-13 23:06:57,246 | INFO | Order confirmed by user: BTCUSDT BUY LIMIT qty=0.01 price=50000.0
2026-03-13 23:06:57,247 | INFO | Placing LIMIT BUY order | Symbol: BTCUSDT | Qty: 0.01 | Price: 50000.0
2026-03-13 23:06:57,715 | INFO | Order response: {'orderId': 12792339975, 'symbol': 'BTCUSDT', 'status': 'NEW', 'clientOrderId': 'x-Cb7ytekJ5632d6589befdbd07a719e', 'price': '50000.00', 'avgPrice': '0.00', 'origQty': '0.010', 'executedQty': '0.000', 'cumQty': '0.000', 'cumQuote': '0.00000', 'timeInForce': 'GTC', 'type': 'LIMIT', 'reduceOnly': False, 'closePosition': False, 'side': 'BUY', 'positionSide': 'BOTH', 'stopPrice': '0.00', 'workingType': 'CONTRACT_PRICE', 'priceProtect': False, 'origType': 'LIMIT', 'priceMatch': 'NONE', 'selfTradePreventionMode': 'EXPIRE_MAKER', 'goodTillDate': 0, 'updateTime': 1773423414917}
